<?xml version="1.0" encoding="UTF-8"?>
<!-- Generated by org.testng.reporters.JUnitReportReporter -->
<testsuite hostname="nigam" failures="0" tests="1" name="qaclickacademy.AppiumTest$NativeAppAndroid" time="0.001" errors="0" timestamp="2022-08-28T14:36:09 CDT" skipped="0">
  <testcase classname="qaclickacademy.AppiumTest$NativeAppAndroid" name="MobileLogin" time="0.001"/>
  <system-out/>
</testsuite> <!-- qaclickacademy.AppiumTest$NativeAppAndroid -->
