<?xml version="1.0" encoding="UTF-8"?>
<!-- Generated by org.testng.reporters.JUnitReportReporter -->
<testsuite hostname="nigam" failures="0" tests="2" name="qaclickacademy.SeleniumTest" time="0.003" errors="0" timestamp="2022-08-28T14:36:09 CDT" skipped="0">
  <testcase classname="qaclickacademy.SeleniumTest" name="SeleniumBrowserAutomation" time="0.001"/>
  <system-out/>
  <testcase classname="qaclickacademy.SeleniumTest" name="SeleniumDisplayResult" time="0.002"/>
  <system-out/>
</testsuite> <!-- qaclickacademy.SeleniumTest -->
