<?xml version="1.0" encoding="UTF-8"?>
<!-- Generated by org.testng.reporters.JUnitReportReporter -->
<testsuite hostname="nigam" failures="0" tests="1" name="qaclickacademy.AppiumTest" time="0.011" errors="0" timestamp="2022-08-28T14:36:09 CDT" skipped="0">
  <testcase classname="qaclickacademy.AppiumTest" name="IOSApps" time="0.011"/>
  <system-out/>
</testsuite> <!-- qaclickacademy.AppiumTest -->
